2016-09-05 19:34:26.472/3.416 Oracle Coherence 12.2.1.0.0 <Info> (thread=main, member=n/a): Loaded operational configuration from "jar:file:/C:/Oracle/Middleware/Oracle_Home/coherence/lib/coherence.jar!/tangosol-coherence.xml"
2016-09-05 19:34:26.529/3.473 Oracle Coherence 12.2.1.0.0 <Info> (thread=main, member=n/a): Loaded operational overrides from "jar:file:/C:/Oracle/Middleware/Oracle_Home/coherence/lib/coherence.jar!/tangosol-coherence-override-dev.xml"
2016-09-05 19:34:26.531/3.475 Oracle Coherence 12.2.1.0.0 <D5> (thread=main, member=n/a): Optional configuration override "/tangosol-coherence-override.xml" is not specified
2016-09-05 19:34:26.535/3.479 Oracle Coherence 12.2.1.0.0 <D5> (thread=main, member=n/a): Optional configuration override "cache-factory-config.xml" is not specified
2016-09-05 19:34:26.536/3.480 Oracle Coherence 12.2.1.0.0 <D5> (thread=main, member=n/a): Optional configuration override "cache-factory-builder-config.xml" is not specified
2016-09-05 19:34:26.538/3.481 Oracle Coherence 12.2.1.0.0 <D5> (thread=main, member=n/a): Optional configuration override "/custom-mbeans.xml" is not specified

Oracle Coherence Version 12.2.1.0.0 Build 60603
 Grid Edition: Development mode
Copyright (c) 2000, 2015, Oracle and/or its affiliates. All rights reserved.

2016-09-05 19:34:26.701/3.645 Oracle Coherence GE 12.2.1.0.0 <Info> (thread=main, member=n/a): Loaded FMW commons version: 12.2.1-0-0-SNAPSHOT b60603
2016-09-05 19:34:26.705/3.649 Oracle Coherence GE 12.2.1.0.0 <Info> (thread=main, member=n/a): Created cache factory com.tangosol.net.DefaultConfigurableCacheFactory
2016-09-05 19:34:27.924/4.868 Oracle Coherence GE 12.2.1.0.0 <Info> (thread=main, member=n/a): The cluster name has not been configured, a value of "mramirez's cluster" has been automatically generated
Sep 05, 2016 7:34:29 PM oracle.soa.scac.ValidateComposite loadWSDLs
WARNING: Validating WSDLs from WSDLManager....  with option UseSoaInfraMds:false
Sep 05, 2016 7:34:29 PM oracle.fabric.common.wsdl.SchemaManager loadAllXSD
WARNING: Schema load failed due to: Error loading schema from file:/C:/JDeveloper/mywork/SOACmxIntApp/GraphAPIPrj/SOA/WSDLs/BPELAuthToken.wsdl [Cause=mistmatch for targetNamespace between http://www.spsolutions.com.mx/demo/graphapi/schemas/token and http://www.spsolutions.com.mx/demo/graphapi/schemas/elements for import]
oracle.fabric.common.wsdl.XSDException: Error loading schema from file:/C:/JDeveloper/mywork/SOACmxIntApp/GraphAPIPrj/SOA/WSDLs/BPELAuthToken.wsdl [Cause=mistmatch for targetNamespace between http://www.spsolutions.com.mx/demo/graphapi/schemas/token and http://www.spsolutions.com.mx/demo/graphapi/schemas/elements for import]
	at oracle.fabric.common.wsdl.SchemaBuilder.loadEmbeddedSchemas(SchemaBuilder.java:580)
	at oracle.fabric.common.wsdl.SchemaBuilder.loadSchemasFromWSDL(SchemaBuilder.java:452)
	at oracle.fabric.common.wsdl.SchemaBuilder.loadAllSchemas(SchemaBuilder.java:249)
	at oracle.fabric.common.wsdl.SchemaManager.loadAllXSD(SchemaManager.java:414)
	at oracle.fabric.common.wsdl.SchemaManager.buildXDKSchema(SchemaManager.java:697)
	at oracle.fabric.common.wsdl.SchemaManager.lookupSchema(SchemaManager.java:548)
	at oracle.fabric.common.wsdl.SchemaManager.lookupXSDElementDeclaration(SchemaManager.java:873)
	at oracle.soa.scac.WSDLValidator.validateMessageParts(WSDLValidator.java:113)
	at oracle.soa.scac.WSDLValidator.validateMessages(WSDLValidator.java:88)
	at oracle.soa.scac.WSDLValidator.validate(WSDLValidator.java:44)
	at oracle.soa.scac.ValidateComposite.loadWSDLs(ValidateComposite.java:1002)
	at oracle.soa.scac.ValidateComposite.doValidation0(ValidateComposite.java:589)
	at oracle.soa.scac.ValidateComposite.doValidation(ValidateComposite.java:577)
	at oracle.soa.scac.ValidateComposite.run0(ValidateComposite.java:228)
	at oracle.soa.scac.ValidateComposite.run(ValidateComposite.java:209)
	at oracle.soa.scac.ValidateComposite.main(ValidateComposite.java:201)
Caused by: java.lang.IllegalArgumentException: mistmatch for targetNamespace between http://www.spsolutions.com.mx/demo/graphapi/schemas/token and http://www.spsolutions.com.mx/demo/graphapi/schemas/elements for import
	at oracle.fabric.common.wsdl.NamespaceSchemaManagerEntry.<init>(NamespaceSchemaManagerEntry.java:127)
	at oracle.fabric.common.wsdl.SchemaBuilder.addXSDImportToMap(SchemaBuilder.java:1201)
	at oracle.fabric.common.wsdl.SchemaBuilder.addXSDImportToMap(SchemaBuilder.java:1189)
	at oracle.fabric.common.wsdl.SchemaBuilder.processSchemaImportsAndInclude(SchemaBuilder.java:873)
	at oracle.fabric.common.wsdl.SchemaBuilder.loadEmbeddedSchemas(SchemaBuilder.java:576)
	... 15 more
Sep 05, 2016 7:34:29 PM oracle.fabric.common.wsdl.SchemaManager buildXDKSchema
WARNING: Cannot resolve entity model for: http://www.spsolutions.com.mx/demo/graphapi/schemas/token
Sep 05, 2016 7:34:29 PM oracle.fabric.common.wsdl.SchemaManager buildXDKSchema
WARNING: Cannot resolve entity model for: http://www.spsolutions.com.mx/demo/graphapi/schemas/token
Sep 05, 2016 7:34:30 PM oracle.fabric.common.wsdl.SchemaManager loadAllXSD
WARNING: Schema load failed due to: Error loading schema from file:/C:/JDeveloper/mywork/SOACmxIntApp/GraphAPIPrj/SOA/WSDLs/BPELAuthToken.wsdl [Cause=mistmatch for targetNamespace between http://www.spsolutions.com.mx/demo/graphapi/schemas/token and http://www.spsolutions.com.mx/demo/graphapi/schemas/elements for import]
oracle.fabric.common.wsdl.XSDException: Error loading schema from file:/C:/JDeveloper/mywork/SOACmxIntApp/GraphAPIPrj/SOA/WSDLs/BPELAuthToken.wsdl [Cause=mistmatch for targetNamespace between http://www.spsolutions.com.mx/demo/graphapi/schemas/token and http://www.spsolutions.com.mx/demo/graphapi/schemas/elements for import]
	at oracle.fabric.common.wsdl.SchemaBuilder.loadEmbeddedSchemas(SchemaBuilder.java:580)
	at oracle.fabric.common.wsdl.SchemaBuilder.loadSchemasFromWSDL(SchemaBuilder.java:452)
	at oracle.fabric.common.wsdl.SchemaBuilder.loadAllSchemas(SchemaBuilder.java:249)
	at oracle.fabric.common.wsdl.SchemaManager.loadAllXSD(SchemaManager.java:414)
	at oracle.fabric.common.wsdl.SchemaManager.buildXDKSchema(SchemaManager.java:697)
	at oracle.fabric.common.wsdl.SchemaManager.lookupSchema(SchemaManager.java:548)
	at oracle.fabric.common.wsdl.SchemaManager.lookupXSDElementDeclaration(SchemaManager.java:873)
	at oracle.bpel.lang.v20.resolver.ProcessImportHandler.lookupXSDElement(ProcessImportHandler.java:285)
	at oracle.bpel.common.validator.helpers.OracleModelQueryImpl.lookupXSDElement(OracleModelQueryImpl.java:744)
	at oracle.bpel.common.validator.helpers.OracleModelQueryImpl.lookupXSDPartType(OracleModelQueryImpl.java:855)
	at oracle.bpel.common.validator.helpers.OracleModelQueryImpl.lookupMessagePartType(OracleModelQueryImpl.java:835)
	at oracle.bpel.common.validator.helpers.OracleModelQueryImpl.lookup(OracleModelQueryImpl.java:415)
	at oracle.bpel.common.validator.helpers.OracleModelQueryImpl.lookup(OracleModelQueryImpl.java:179)
	at org.eclipse.bpel.validator.xpath.XPathValidator.rule_CheckVariable_10(XPathValidator.java:633)
	at sun.reflect.NativeMethodAccessorImpl.invoke0(Native Method)
	at sun.reflect.NativeMethodAccessorImpl.invoke(NativeMethodAccessorImpl.java:62)
	at sun.reflect.DelegatingMethodAccessorImpl.invoke(DelegatingMethodAccessorImpl.java:43)
	at java.lang.reflect.Method.invoke(Method.java:498)
	at org.eclipse.bpel.validator.model.Rules$Rule.invoke(Rules.java:316)
	at org.eclipse.bpel.validator.model.RuleRunner.runRules(RuleRunner.java:99)
	at org.eclipse.bpel.validator.model.Validator.runRules(Validator.java:468)
	at org.eclipse.bpel.validator.model.Validator.runRulesInChain(Validator.java:473)
	at org.eclipse.bpel.validator.xpath.CExpr.runRulesInChain(CExpr.java:199)
	at org.eclipse.bpel.validator.xpath.XPathVisitor.visit(XPathVisitor.java:276)
	at org.eclipse.bpel.validator.xpath.XPathVisitor.visitExpr(XPathVisitor.java:580)
	at org.eclipse.bpel.validator.xpath.XPathVisitor.visit(XPathVisitor.java:160)
	at org.eclipse.bpel.validator.xpath.XPathVisitor.visitExpr(XPathVisitor.java:563)
	at org.eclipse.bpel.validator.xpath.XPathVisitor.visit(XPathVisitor.java:553)
	at org.eclipse.bpel.validator.xpath.From.CheckGeneralExpression(From.java:45)
	at sun.reflect.NativeMethodAccessorImpl.invoke0(Native Method)
	at sun.reflect.NativeMethodAccessorImpl.invoke(NativeMethodAccessorImpl.java:62)
	at sun.reflect.DelegatingMethodAccessorImpl.invoke(DelegatingMethodAccessorImpl.java:43)
	at java.lang.reflect.Method.invoke(Method.java:498)
	at org.eclipse.bpel.validator.model.Rules$Rule.invoke(Rules.java:316)
	at org.eclipse.bpel.validator.model.RuleRunner.runRules(RuleRunner.java:99)
	at org.eclipse.bpel.validator.model.Validator.validate(Validator.java:278)
	at org.eclipse.bpel.validator.model.Runner.pass1(Runner.java:150)
	at org.eclipse.bpel.validator.model.Runner.run(Runner.java:188)
	at oracle.bpel.lang.v20.validator.helpers.OracleBpelREMValidator.validate(OracleBpelREMValidator.java:239)
	at oracle.bpel.lang.v20.validator.helpers.OracleBpelREMValidator.validate(OracleBpelREMValidator.java:131)
	at oracle.bpel.lang.v20.validator.BPEL20Validator.validate(BPEL20Validator.java:82)
	at com.collaxa.cube.lang.compiler.BPEL2Processor.validate(BPEL2Processor.java:152)
	at com.collaxa.cube.lang.compiler.BPEL2Processor.process(BPEL2Processor.java:122)
	at com.collaxa.cube.lang.compiler.BPEL2Processor.process(BPEL2Processor.java:108)
	at oracle.fabric.bpel.bpelc.BPELComponentValidator.validate(BPELComponentValidator.java:87)
	at oracle.soa.scac.ValidateComposite.validateComponentTypeServicesReferences(ValidateComposite.java:1161)
	at oracle.soa.scac.ValidateComposite.doValidation0(ValidateComposite.java:598)
	at oracle.soa.scac.ValidateComposite.doValidation(ValidateComposite.java:577)
	at oracle.soa.scac.ValidateComposite.run0(ValidateComposite.java:228)
	at oracle.soa.scac.ValidateComposite.run(ValidateComposite.java:209)
	at oracle.soa.scac.ValidateComposite.main(ValidateComposite.java:201)
Caused by: java.lang.IllegalArgumentException: mistmatch for targetNamespace between http://www.spsolutions.com.mx/demo/graphapi/schemas/token and http://www.spsolutions.com.mx/demo/graphapi/schemas/elements for import
	at oracle.fabric.common.wsdl.NamespaceSchemaManagerEntry.<init>(NamespaceSchemaManagerEntry.java:127)
	at oracle.fabric.common.wsdl.SchemaBuilder.addXSDImportToMap(SchemaBuilder.java:1201)
	at oracle.fabric.common.wsdl.SchemaBuilder.addXSDImportToMap(SchemaBuilder.java:1189)
	at oracle.fabric.common.wsdl.SchemaBuilder.processSchemaImportsAndInclude(SchemaBuilder.java:873)
	at oracle.fabric.common.wsdl.SchemaBuilder.loadEmbeddedSchemas(SchemaBuilder.java:576)
	... 50 more
Sep 05, 2016 7:34:30 PM oracle.fabric.common.wsdl.SchemaManager buildXDKSchema
WARNING: Cannot resolve entity model for: http://www.spsolutions.com.mx/demo/graphapi/schemas/token
Sep 05, 2016 7:34:30 PM oracle.fabric.common.wsdl.SchemaManager buildXDKSchema
WARNING: Cannot resolve entity model for: http://www.spsolutions.com.mx/demo/graphapi/schemas/token
Sep 05, 2016 7:34:30 PM oracle.fabric.common.wsdl.SchemaManager buildXDKSchema
WARNING: Cannot resolve entity model for: http://www.spsolutions.com.mx/demo/graphapi/schemas/token
Sep 05, 2016 7:34:30 PM oracle.fabric.common.wsdl.SchemaManager buildXDKSchema
WARNING: Cannot resolve entity model for: http://www.spsolutions.com.mx/demo/graphapi/schemas/token
Sep 05, 2016 7:34:30 PM oracle.fabric.common.wsdl.SchemaManager buildXDKSchema
WARNING: Cannot resolve entity model for: http://www.spsolutions.com.mx/demo/graphapi/schemas/token
Sep 05, 2016 7:34:30 PM oracle.fabric.common.wsdl.SchemaManager buildXDKSchema
WARNING: Cannot resolve entity model for: http://www.spsolutions.com.mx/demo/graphapi/schemas/token
Sep 05, 2016 7:34:30 PM oracle.fabric.common.wsdl.SchemaManager buildXDKSchema
WARNING: Cannot resolve entity model for: http://www.spsolutions.com.mx/demo/graphapi/schemas/token
Sep 05, 2016 7:34:30 PM oracle.fabric.common.wsdl.SchemaManager buildXDKSchema
WARNING: Cannot resolve entity model for: http://www.spsolutions.com.mx/demo/graphapi/schemas/token
Sep 05, 2016 7:34:30 PM oracle.fabric.common.wsdl.SchemaManager buildXDKSchema
WARNING: Cannot resolve entity model for: http://www.spsolutions.com.mx/demo/graphapi/schemas/token
Sep 05, 2016 7:34:30 PM oracle.fabric.common.wsdl.SchemaManager buildXDKSchema
WARNING: Cannot resolve entity model for: http://www.spsolutions.com.mx/demo/graphapi/schemas/token
Sep 05, 2016 7:34:30 PM oracle.fabric.common.wsdl.SchemaManager buildXDKSchema
WARNING: Cannot resolve entity model for: http://www.spsolutions.com.mx/demo/graphapi/schemas/token
Java HotSpot(TM) 64-Bit Server VM warning: ignoring option PermSize=32m; support was removed in 8.0
Java HotSpot(TM) 64-Bit Server VM warning: ignoring option MaxPermSize=256m; support was removed in 8.0
